<?xml version="1.0" encoding="UTF-8"?>
<!-- Generated by org.testng.reporters.JUnitXMLReporter -->
<testsuite ignored="0" hostname="DESKTOP-QSMRSOP" failures="2" tests="7" name="Test Basics 1" time="51.795" errors="0" timestamp="06 Sep 2022 09:50:33 GMT">
  <testcase classname="Assignment.ElementsTestCases" name="element" time="8.477"/>
  <testcase classname="Assignment.ElementsTestCases" name="textBoxTest" time="1.243"/>
  <testcase classname="Assignment.ElementsTestCases" name="checkBoxTest" time="1.6"/>
  <testcase classname="Assignment.ElementsTestCases" name="radioBtnTest" time="0.13"/>
  <testcase classname="Assignment.ElementsTestCases" name="webTableTest" time="1.421"/>
  <testcase classname="Assignment.ElementsTestCases" name="btnTest" time="30.744">
    <failure type="org.openqa.selenium.NoSuchElementException" message="no such element: Unable to locate element: {&amp;quot;method&amp;quot;:&amp;quot;css selector&amp;quot;,&amp;quot;selector&amp;quot;:&amp;quot;#dynamicClickMessage&amp;quot;}
  (Session info: headless chrome=105.0.5195.102)
For documentation on this error, please visit: http://seleniumhq.org/exceptions/no_such_element.html
Build info: version: &amp;apos;3.141.5&amp;apos;, revision: &amp;apos;d54ebd709a&amp;apos;, time: &amp;apos;2018-11-06T11:42:16&amp;apos;
System info: host: &amp;apos;DESKTOP-QSMRSOP&amp;apos;, ip: &amp;apos;192.168.1.45&amp;apos;, os.name: &amp;apos;Windows 11&amp;apos;, os.arch: &amp;apos;amd64&amp;apos;, os.version: &amp;apos;10.0&amp;apos;, java.version: &amp;apos;17.0.4.1&amp;apos;
Driver info: org.openqa.selenium.chrome.ChromeDriver
Capabilities {acceptInsecureCerts: false, browserName: chrome, browserVersion: 105.0.5195.102, chrome: {chromedriverVersion: 104.0.5112.79 (3cf3e8c8a07d..., userDataDir: C:\Users\stars\AppData\Loca...}, goog:chromeOptions: {debuggerAddress: localhost:61948}, javascriptEnabled: true, networkConnectionEnabled: false, pageLoadStrategy: normal, platform: WINDOWS, platformName: WINDOWS, proxy: Proxy(), setWindowRect: true, strictFileInteractability: false, timeouts: {implicit: 0, pageLoad: 300000, script: 30000}, unhandledPromptBehavior: dismiss and notify, webauthn:extension:credBlob: true, webauthn:extension:largeBlob: true, webauthn:virtualAuthenticators: true}
Session ID: ce00b8e801464a3ff9f041f0f5fb3fd8
*** Element info: {Using=id, value=dynamicClickMessage}">
      <![CDATA[org.openqa.selenium.NoSuchElementException: no such element: Unable to locate element: {"method":"css selector","selector":"#dynamicClickMessage"}  (Session info: headless chrome=105.0.5195.102)For documentation on this error, please visit: http://seleniumhq.org/exceptions/no_such_element.htmlBuild info: version: '3.141.5', revision: 'd54ebd709a', time: '2018-11-06T11:42:16'System info: host: 'DESKTOP-QSMRSOP', ip: '192.168.1.45', os.name: 'Windows 11', os.arch: 'amd64', os.version: '10.0', java.version: '17.0.4.1'Driver info: org.openqa.selenium.chrome.ChromeDriverCapabilities {acceptInsecureCerts: false, browserName: chrome, browserVersion: 105.0.5195.102, chrome: {chromedriverVersion: 104.0.5112.79 (3cf3e8c8a07d..., userDataDir: C:\Users\stars\AppData\Loca...}, goog:chromeOptions: {debuggerAddress: localhost:61948}, javascriptEnabled: true, networkConnectionEnabled: false, pageLoadStrategy: normal, platform: WINDOWS, platformName: WINDOWS, proxy: Proxy(), setWindowRect: true, strictFileInteractability: false, timeouts: {implicit: 0, pageLoad: 300000, script: 30000}, unhandledPromptBehavior: dismiss and notify, webauthn:extension:credBlob: true, webauthn:extension:largeBlob: true, webauthn:virtualAuthenticators: true}Session ID: ce00b8e801464a3ff9f041f0f5fb3fd8*** Element info: {Using=id, value=dynamicClickMessage}at org.openqa.selenium.remote.http.W3CHttpResponseCodec.createException(W3CHttpResponseCodec.java:187)at org.openqa.selenium.remote.http.W3CHttpResponseCodec.decode(W3CHttpResponseCodec.java:122)at org.openqa.selenium.remote.http.W3CHttpResponseCodec.decode(W3CHttpResponseCodec.java:49)at org.openqa.selenium.remote.HttpCommandExecutor.execute(HttpCommandExecutor.java:158)at org.openqa.selenium.remote.service.DriverCommandExecutor.execute(DriverCommandExecutor.java:83)at org.openqa.selenium.remote.RemoteWebDriver.execute(RemoteWebDriver.java:552)at org.openqa.selenium.remote.RemoteWebDriver.findElement(RemoteWebDriver.java:323)at org.openqa.selenium.remote.RemoteWebDriver.findElementById(RemoteWebDriver.java:372)at org.openqa.selenium.By$ById.findElement(By.java:188)at org.openqa.selenium.remote.RemoteWebDriver.findElement(RemoteWebDriver.java:315)at org.openqa.selenium.support.pagefactory.DefaultElementLocator.findElement(DefaultElementLocator.java:69)at org.openqa.selenium.support.pagefactory.internal.LocatingElementHandler.invoke(LocatingElementHandler.java:38)at jdk.proxy2/jdk.proxy2.$Proxy12.isDisplayed(Unknown Source)at Assignment.Elements.buttonClick(Elements.java:305)at Assignment.ElementsTestCases.btnTest(ElementsTestCases.java:65)... Removed 34 stack frames]]>
    </failure>
  </testcase> <!-- btnTest -->
  <testcase classname="Assignment.ElementsTestCases" name="linkTest" time="1.268">
    <failure type="java.lang.AssertionError" message="expected [Link has responded with staus 201 and status text Created] but found [Link has responded with staus 201 and status text]">
      <![CDATA[java.lang.AssertionError: expected [Link has responded with staus 201 and status text Created] but found [Link has responded with staus 201 and status text]at Assignment.Elements.linksPage(Elements.java:316)at Assignment.ElementsTestCases.linkTest(ElementsTestCases.java:71)... Removed 35 stack frames]]>
    </failure>
  </testcase> <!-- linkTest -->
</testsuite> <!-- Test Basics 1 -->
